<?xml version="1.0" encoding="UTF-8"?>
<Site BuildName="(empty)"
	BuildStamp="20230821-0519-Experimental"
	Name="zephyrus-g14"
	Generator="ctest-3.16.3"
	CompilerName="/usr/bin/g++"
	CompilerVersion="9.4.0"
	OSName="Linux"
	Hostname="zephyrus-g14"
	OSRelease="5.15.0-79-generic"
	OSVersion="#86~20.04.2-Ubuntu SMP Mon Jul 17 23:27:17 UTC 2023"
	OSPlatform="x86_64"
	Is64Bits="1"
	VendorString="AuthenticAMD"
	VendorID="Advanced Micro Devices"
	FamilyID="25"
	ModelID="80"
	ProcessorCacheSize="512"
	NumberOfLogicalCPU="16"
	NumberOfPhysicalCPU="8"
	TotalVirtualMemory="2047"
	TotalPhysicalMemory="15386"
	LogicalProcessorsPerPhysical="2"
	ProcessorClockFrequency="3575.59"
	>
	<Testing>
		<StartDateTime>Aug 21 10:49 IST</StartDateTime>
		<StartTestTime>1692595182</StartTestTime>
		<TestList/>
		<EndDateTime>Aug 21 10:49 IST</EndDateTime>
		<EndTestTime>1692595182</EndTestTime>
		<ElapsedMinutes>0</ElapsedMinutes>
	</Testing>
</Site>
